Mon Feb 04 2019 16:29:02 GMT+0530 (India Standard Time): GET /about
Mon Feb 04 2019 16:29:02 GMT+0530 (India Standard Time): GET /favicon.ico
Mon Feb 04 2019 16:29:34 GMT+0530 (India Standard Time): GET /
Mon Feb 04 2019 16:29:35 GMT+0530 (India Standard Time): GET /about
Mon Feb 04 2019 16:29:36 GMT+0530 (India Standard Time): GET /
Mon Feb 04 2019 16:29:36 GMT+0530 (India Standard Time): GET /about
Tue Feb 05 2019 11:25:53 GMT+0530 (India Standard Time): GET /
Tue Feb 05 2019 11:25:53 GMT+0530 (India Standard Time): GET /favicon.ico
Tue Feb 05 2019 11:25:55 GMT+0530 (India Standard Time): GET /about
Tue Feb 05 2019 11:25:57 GMT+0530 (India Standard Time): GET /favicon.ico
Tue Feb 05 2019 11:26:19 GMT+0530 (India Standard Time): GET /favicon.ico
Tue Feb 05 2019 11:27:25 GMT+0530 (India Standard Time): GET /help.html
Tue Feb 05 2019 11:27:25 GMT+0530 (India Standard Time): GET /favicon.ico
Tue Feb 05 2019 11:27:28 GMT+0530 (India Standard Time): GET /
Tue Feb 05 2019 11:27:28 GMT+0530 (India Standard Time): GET /favicon.ico
Tue Feb 05 2019 12:44:23 GMT+0530 (India Standard Time): GET /
Tue Feb 05 2019 12:44:23 GMT+0530 (India Standard Time): GET /favicon.ico
Tue Feb 05 2019 12:44:52 GMT+0530 (India Standard Time): GET /
Tue Feb 05 2019 12:44:52 GMT+0530 (India Standard Time): GET /favicon.ico
Tue Feb 05 2019 12:44:53 GMT+0530 (India Standard Time): GET /
Tue Feb 05 2019 12:44:53 GMT+0530 (India Standard Time): GET /favicon.ico
Tue Feb 05 2019 12:45:07 GMT+0530 (India Standard Time): GET /about
Tue Feb 05 2019 12:45:11 GMT+0530 (India Standard Time): GET /favicon.ico
Tue Feb 05 2019 12:45:28 GMT+0530 (India Standard Time): GET /about
Tue Feb 05 2019 12:45:28 GMT+0530 (India Standard Time): GET /favicon.ico
Tue Feb 05 2019 13:16:10 GMT+0530 (India Standard Time): GET /about
Tue Feb 05 2019 13:16:10 GMT+0530 (India Standard Time): GET /favicon.ico
Tue Feb 05 2019 13:16:11 GMT+0530 (India Standard Time): GET /project
Tue Feb 05 2019 13:20:38 GMT+0530 (India Standard Time): GET /project
Tue Feb 05 2019 13:20:38 GMT+0530 (India Standard Time): GET /favicon.ico
Tue Feb 05 2019 13:21:18 GMT+0530 (India Standard Time): GET /project
Tue Feb 05 2019 13:21:18 GMT+0530 (India Standard Time): GET /favicon.ico
Tue Feb 05 2019 13:21:20 GMT+0530 (India Standard Time): GET /
Tue Feb 05 2019 13:21:47 GMT+0530 (India Standard Time): GET /
Tue Feb 05 2019 13:21:47 GMT+0530 (India Standard Time): GET /favicon.ico
Tue Feb 05 2019 13:21:50 GMT+0530 (India Standard Time): GET /projects
Tue Feb 05 2019 13:21:54 GMT+0530 (India Standard Time): GET /about
Tue Feb 05 2019 13:21:55 GMT+0530 (India Standard Time): GET /
Tue Feb 05 2019 13:21:56 GMT+0530 (India Standard Time): GET /projects
