Mon Jun 10 2019 15:48:07 GMT+0530 (India Standard Time): GET /about
Mon Jun 10 2019 15:48:08 GMT+0530 (India Standard Time): GET /favicon.ico
Mon Jun 10 2019 15:48:14 GMT+0530 (India Standard Time): GET /about
Mon Jun 10 2019 15:48:14 GMT+0530 (India Standard Time): GET /favicon.ico
Mon Jun 10 2019 15:58:36 GMT+0530 (India Standard Time): GET /about
Mon Jun 10 2019 15:58:37 GMT+0530 (India Standard Time): GET /favicon.ico
Mon Jun 10 2019 15:58:46 GMT+0530 (India Standard Time): GET /home
Mon Jun 10 2019 15:58:47 GMT+0530 (India Standard Time): GET /favicon.ico
Mon Jun 10 2019 15:58:49 GMT+0530 (India Standard Time): GET /
Mon Jun 10 2019 15:58:50 GMT+0530 (India Standard Time): GET /favicon.ico
Mon Jun 10 2019 16:05:49 GMT+0530 (India Standard Time): GET /help/html
Mon Jun 10 2019 16:05:50 GMT+0530 (India Standard Time): GET /favicon.ico
Mon Jun 10 2019 16:05:54 GMT+0530 (India Standard Time): GET /favicon.ico
Mon Jun 10 2019 16:06:54 GMT+0530 (India Standard Time): GET /help.html
Mon Jun 10 2019 16:06:54 GMT+0530 (India Standard Time): GET /favicon.ico
Mon Jun 10 2019 16:07:00 GMT+0530 (India Standard Time): GET /
Mon Jun 10 2019 16:07:00 GMT+0530 (India Standard Time): GET /favicon.ico
Mon Jun 10 2019 16:07:11 GMT+0530 (India Standard Time): GET /
Mon Jun 10 2019 16:07:11 GMT+0530 (India Standard Time): GET /favicon.ico
Mon Jun 10 2019 16:07:13 GMT+0530 (India Standard Time): GET /
Mon Jun 10 2019 16:07:13 GMT+0530 (India Standard Time): GET /favicon.ico
Mon Jun 10 2019 16:08:08 GMT+0530 (India Standard Time): GET /
Mon Jun 10 2019 16:08:08 GMT+0530 (India Standard Time): GET /favicon.ico
Mon Jun 10 2019 18:16:26 GMT+0530 (India Standard Time): GET /
Mon Jun 10 2019 18:16:26 GMT+0530 (India Standard Time): GET /favicon.ico
