Fri Jan 11 2019 15:43:25 GMT+0530 (India Standard Time): GET /
Fri Jan 11 2019 15:43:25 GMT+0530 (India Standard Time): GET /favicon.ico
Fri Jan 11 2019 15:43:57 GMT+0530 (India Standard Time): GET /about
Fri Jan 11 2019 15:44:04 GMT+0530 (India Standard Time): GET /about
Fri Jan 11 2019 15:44:04 GMT+0530 (India Standard Time): GET /favicon.ico
Fri Jan 11 2019 17:00:01 GMT+0530 (India Standard Time): GET /about
Fri Jan 11 2019 17:00:01 GMT+0530 (India Standard Time): GET /favicon.ico
Fri Jan 11 2019 17:02:07 GMT+0530 (India Standard Time): GET /about
Fri Jan 11 2019 17:02:07 GMT+0530 (India Standard Time): GET /favicon.ico
Fri Jan 11 2019 17:02:41 GMT+0530 (India Standard Time): GET /about
Fri Jan 11 2019 17:02:41 GMT+0530 (India Standard Time): GET /favicon.ico
Fri Jan 11 2019 17:02:47 GMT+0530 (India Standard Time): GET /maintenance
Fri Jan 11 2019 17:02:47 GMT+0530 (India Standard Time): GET /favicon.ico
Fri Jan 11 2019 17:02:50 GMT+0530 (India Standard Time): GET /
Fri Jan 11 2019 17:02:50 GMT+0530 (India Standard Time): GET /favicon.ico
Fri Jan 11 2019 17:02:51 GMT+0530 (India Standard Time): GET /about
Fri Jan 11 2019 17:02:51 GMT+0530 (India Standard Time): GET /favicon.ico
Fri Jan 11 2019 17:03:02 GMT+0530 (India Standard Time): GET /about
Fri Jan 11 2019 17:03:02 GMT+0530 (India Standard Time): GET /favicon.ico
Fri Jan 11 2019 17:04:13 GMT+0530 (India Standard Time): GET /about
Fri Jan 11 2019 17:04:13 GMT+0530 (India Standard Time): GET /favicon.ico
Fri Jan 11 2019 17:07:16 GMT+0530 (India Standard Time): GET /about
Fri Jan 11 2019 17:07:16 GMT+0530 (India Standard Time): GET /favicon.ico
Fri Jan 11 2019 17:07:33 GMT+0530 (India Standard Time): GET /home
Fri Jan 11 2019 17:07:33 GMT+0530 (India Standard Time): GET /favicon.ico
Fri Jan 11 2019 17:07:57 GMT+0530 (India Standard Time): GET /help
Fri Jan 11 2019 17:07:57 GMT+0530 (India Standard Time): GET /favicon.ico
Fri Jan 11 2019 17:10:07 GMT+0530 (India Standard Time): GET /help
Fri Jan 11 2019 17:10:07 GMT+0530 (India Standard Time): GET /favicon.ico
Thu Jan 24 2019 11:41:38 GMT+0530 (India Standard Time): GET /
Thu Jan 24 2019 11:41:38 GMT+0530 (India Standard Time): GET /favicon.ico
Thu Jan 24 2019 11:42:49 GMT+0530 (India Standard Time): GET /
Thu Jan 24 2019 11:42:49 GMT+0530 (India Standard Time): GET /favicon.ico
Thu Jan 24 2019 11:43:18 GMT+0530 (India Standard Time): GET /
Thu Jan 24 2019 11:43:18 GMT+0530 (India Standard Time): GET /favicon.ico
Thu Jan 24 2019 12:21:09 GMT+0530 (India Standard Time): GET /about
